  GameObject.cpp
  Minigin.cpp
c:\program files (x86)\microsoft visual studio\2017\enterprise\vc\tools\msvc\14.16.27023\include\utility(320): error C2079: 'std::pair<const _Kty,_Ty>::second' uses undefined class 'dae::Texture2D'
          with
          [
              _Kty=std::string,
              _Ty=dae::Texture2D
          ]
  c:\program files (x86)\microsoft visual studio\2017\enterprise\vc\tools\msvc\14.16.27023\include\vector(1849): note: see reference to class template instantiation 'std::pair<const _Kty,_Ty>' being compiled
          with
          [
              _Kty=std::string,
              _Ty=dae::Texture2D
          ]
  c:\program files (x86)\microsoft visual studio\2017\enterprise\vc\tools\msvc\14.16.27023\include\vector(1848): note: while compiling class template member function 'void std::vector<std::_List_unchecked_iterator<std::_List_val<std::_List_simple_types<_Ty>>>,std::allocator<std::_List_unchecked_iterator<std::_List_val<std::_List_simple_types<_Ty>>>>>::_Destroy(std::_List_unchecked_iterator<std::_List_val<std::_List_simple_types<_Ty>>> *,std::_List_unchecked_iterator<std::_List_val<std::_List_simple_types<_Ty>>> *)'
          with
          [
              _Ty=std::pair<const std::string,dae::Texture2D>
          ]
  c:\program files (x86)\microsoft visual studio\2017\enterprise\vc\tools\msvc\14.16.27023\include\vector(1915): note: see reference to function template instantiation 'void std::vector<std::_List_unchecked_iterator<std::_List_val<std::_List_simple_types<_Ty>>>,std::allocator<std::_List_unchecked_iterator<std::_List_val<std::_List_simple_types<_Ty>>>>>::_Destroy(std::_List_unchecked_iterator<std::_List_val<std::_List_simple_types<_Ty>>> *,std::_List_unchecked_iterator<std::_List_val<std::_List_simple_types<_Ty>>> *)' being compiled
          with
          [
              _Ty=std::pair<const std::string,dae::Texture2D>
          ]
  c:\program files (x86)\microsoft visual studio\2017\enterprise\vc\tools\msvc\14.16.27023\include\xhash(1178): note: see reference to class template instantiation 'std::vector<std::_List_unchecked_iterator<std::_List_val<std::_List_simple_types<_Ty>>>,std::allocator<std::_List_unchecked_iterator<std::_List_val<std::_List_simple_types<_Ty>>>>>' being compiled
          with
          [
              _Ty=std::pair<const std::string,dae::Texture2D>
          ]
  c:\program files (x86)\microsoft visual studio\2017\enterprise\vc\tools\msvc\14.16.27023\include\unordered_map(97): note: see reference to class template instantiation 'std::_Hash<std::_Umap_traits<_Kty,_Ty,std::_Uhash_compare<_Kty,_Hasher,_Keyeq>,_Alloc,false>>' being compiled
          with
          [
              _Kty=std::string,
              _Ty=dae::Texture2D,
              _Hasher=std::hash<std::string>,
              _Keyeq=std::equal_to<std::string>,
              _Alloc=std::allocator<std::pair<const std::string,dae::Texture2D>>
          ]
  e:\desktop\prog4\github\essence2d\minigin\resourcemanager.h(19): note: see reference to class template instantiation 'std::unordered_map<std::string,dae::Texture2D,std::hash<_Kty>,std::equal_to<_Kty>,std::allocator<std::pair<const _Kty,_Ty>>>' being compiled
          with
          [
              _Kty=std::string,
              _Ty=dae::Texture2D
          ]
  RenderComponent.cpp
e:\desktop\prog4\github\essence2d\minigin\rendercomponent.cpp(30): error C2220: warning treated as error - no 'object' file generated
e:\desktop\prog4\github\essence2d\minigin\rendercomponent.cpp(30): warning C4244: 'argument': conversion from 'int' to 'GLfloat', possible loss of data
e:\desktop\prog4\github\essence2d\minigin\rendercomponent.cpp(31): warning C4244: 'argument': conversion from 'int' to 'GLfloat', possible loss of data
e:\desktop\prog4\github\essence2d\minigin\rendercomponent.cpp(32): warning C4244: 'argument': conversion from 'int' to 'GLfloat', possible loss of data
e:\desktop\prog4\github\essence2d\minigin\rendercomponent.cpp(33): warning C4244: 'argument': conversion from 'int' to 'GLfloat', possible loss of data
e:\desktop\prog4\github\essence2d\minigin\rendercomponent.cpp(65): warning C4244: '=': conversion from 'float' to 'int', possible loss of data
e:\desktop\prog4\github\essence2d\minigin\rendercomponent.cpp(66): warning C4244: '=': conversion from 'float' to 'int', possible loss of data
e:\desktop\prog4\github\essence2d\minigin\rendercomponent.cpp(64): error C2280: 'dae::Texture2D &dae::Texture2D::operator =(const dae::Texture2D &)': attempting to reference a deleted function
  e:\desktop\prog4\github\essence2d\minigin\texture2d.h(20): note: compiler has generated 'dae::Texture2D::operator =' here
  e:\desktop\prog4\github\essence2d\minigin\texture2d.h(20): note: 'dae::Texture2D &dae::Texture2D::operator =(const dae::Texture2D &)': function was implicitly deleted because 'dae::Texture2D' has a data member 'dae::Texture2D::m_ID' of const-qualified non-class type
  e:\desktop\prog4\github\essence2d\minigin\texture2d.h(19): note: see declaration of 'dae::Texture2D::m_ID'
  Renderer.cpp
e:\desktop\prog4\github\essence2d\minigin\renderer.cpp(39): error C2220: warning treated as error - no 'object' file generated
e:\desktop\prog4\github\essence2d\minigin\renderer.cpp(39): warning C4100: 'texture': unreferenced formal parameter
  ResourceManager.cpp
c:\program files (x86)\microsoft visual studio\2017\enterprise\vc\tools\msvc\14.16.27023\include\tuple(1305): error C2512: 'dae::Texture2D::Texture2D': no appropriate default constructor available
  c:\program files (x86)\microsoft visual studio\2017\enterprise\vc\tools\msvc\14.16.27023\include\tuple(1318): note: see reference to function template instantiation 'std::pair<const _Kty,_Ty>::pair<std::tuple<const std::basic_string<char,std::char_traits<char>,std::allocator<char>> &>,std::tuple<>,0,>(_Tuple1 &,_Tuple2 &,std::integer_sequence<unsigned int,0>,std::integer_sequence<unsigned int>)' being compiled
          with
          [
              _Kty=std::string,
              _Ty=dae::Texture2D,
              _Tuple1=std::tuple<const std::basic_string<char,std::char_traits<char>,std::allocator<char>> &>,
              _Tuple2=std::tuple<>
          ]
  c:\program files (x86)\microsoft visual studio\2017\enterprise\vc\tools\msvc\14.16.27023\include\tuple(1318): note: see reference to function template instantiation 'std::pair<const _Kty,_Ty>::pair<std::tuple<const std::basic_string<char,std::char_traits<char>,std::allocator<char>> &>,std::tuple<>,0,>(_Tuple1 &,_Tuple2 &,std::integer_sequence<unsigned int,0>,std::integer_sequence<unsigned int>)' being compiled
          with
          [
              _Kty=std::string,
              _Ty=dae::Texture2D,
              _Tuple1=std::tuple<const std::basic_string<char,std::char_traits<char>,std::allocator<char>> &>,
              _Tuple2=std::tuple<>
          ]
  c:\program files (x86)\microsoft visual studio\2017\enterprise\vc\tools\msvc\14.16.27023\include\xmemory0(879): note: see reference to function template instantiation 'std::pair<const _Kty,_Ty>::pair<const std::basic_string<char,std::char_traits<char>,std::allocator<char>>&,>(std::piecewise_construct_t,std::tuple<const std::basic_string<char,std::char_traits<char>,std::allocator<char>> &>,std::tuple<>)' being compiled
          with
          [
              _Kty=std::string,
              _Ty=dae::Texture2D
          ]
  c:\program files (x86)\microsoft visual studio\2017\enterprise\vc\tools\msvc\14.16.27023\include\xmemory0(881): note: see reference to function template instantiation 'std::pair<const _Kty,_Ty>::pair<const std::basic_string<char,std::char_traits<char>,std::allocator<char>>&,>(std::piecewise_construct_t,std::tuple<const std::basic_string<char,std::char_traits<char>,std::allocator<char>> &>,std::tuple<>)' being compiled
          with
          [
              _Kty=std::string,
              _Ty=dae::Texture2D
          ]
  c:\program files (x86)\microsoft visual studio\2017\enterprise\vc\tools\msvc\14.16.27023\include\list(711): note: see reference to function template instantiation 'void std::_Default_allocator_traits<_Alloc>::construct<_Ty,const std::piecewise_construct_t&,std::tuple<const std::basic_string<char,std::char_traits<char>,std::allocator<char>> &>,std::tuple<>>(_Alloc &,_Objty *const ,const std::piecewise_construct_t &,std::tuple<const std::basic_string<char,std::char_traits<char>,std::allocator<char>> &> &&,std::tuple<> &&)' being compiled
          with
          [
              _Alloc=std::allocator<std::_List_node<std::pair<const std::string,dae::Texture2D>,std::_Default_allocator_traits<std::allocator<std::pair<const std::string,dae::Texture2D>>>::void_pointer>>,
              _Ty=std::pair<const std::string,dae::Texture2D>,
              _Objty=std::pair<const std::string,dae::Texture2D>
          ]
  c:\program files (x86)\microsoft visual studio\2017\enterprise\vc\tools\msvc\14.16.27023\include\list(716): note: see reference to function template instantiation 'void std::_Default_allocator_traits<_Alloc>::construct<_Ty,const std::piecewise_construct_t&,std::tuple<const std::basic_string<char,std::char_traits<char>,std::allocator<char>> &>,std::tuple<>>(_Alloc &,_Objty *const ,const std::piecewise_construct_t &,std::tuple<const std::basic_string<char,std::char_traits<char>,std::allocator<char>> &> &&,std::tuple<> &&)' being compiled
          with
          [
              _Alloc=std::allocator<std::_List_node<std::pair<const std::string,dae::Texture2D>,std::_Default_allocator_traits<std::allocator<std::pair<const std::string,dae::Texture2D>>>::void_pointer>>,
              _Ty=std::pair<const std::string,dae::Texture2D>,
              _Objty=std::pair<const std::string,dae::Texture2D>
          ]
  c:\program files (x86)\microsoft visual studio\2017\enterprise\vc\tools\msvc\14.16.27023\include\list(947): note: see reference to function template instantiation 'std::_List_node<_Ty,std::_Default_allocator_traits<_Alloc>::void_pointer> *std::_List_buy<_Ty,_Alloc>::_Buynode<const std::piecewise_construct_t&,std::tuple<const std::basic_string<char,std::char_traits<char>,std::allocator<char>> &>,std::tuple<>>(std::_List_node<_Ty,std::_Default_allocator_traits<_Alloc>::void_pointer> *,std::_List_node<_Ty,std::_Default_allocator_traits<_Alloc>::void_pointer> *,const std::piecewise_construct_t &,std::tuple<const std::basic_string<char,std::char_traits<char>,std::allocator<char>> &> &&,std::tuple<> &&)' being compiled
          with
          [
              _Ty=std::pair<const std::string,dae::Texture2D>,
              _Alloc=std::allocator<std::pair<const std::string,dae::Texture2D>>
          ]
  c:\program files (x86)\microsoft visual studio\2017\enterprise\vc\tools\msvc\14.16.27023\include\list(950): note: see reference to function template instantiation 'std::_List_node<_Ty,std::_Default_allocator_traits<_Alloc>::void_pointer> *std::_List_buy<_Ty,_Alloc>::_Buynode<const std::piecewise_construct_t&,std::tuple<const std::basic_string<char,std::char_traits<char>,std::allocator<char>> &>,std::tuple<>>(std::_List_node<_Ty,std::_Default_allocator_traits<_Alloc>::void_pointer> *,std::_List_node<_Ty,std::_Default_allocator_traits<_Alloc>::void_pointer> *,const std::piecewise_construct_t &,std::tuple<const std::basic_string<char,std::char_traits<char>,std::allocator<char>> &> &&,std::tuple<> &&)' being compiled
          with
          [
              _Ty=std::pair<const std::string,dae::Texture2D>,
              _Alloc=std::allocator<std::pair<const std::string,dae::Texture2D>>
          ]
  c:\program files (x86)\microsoft visual studio\2017\enterprise\vc\tools\msvc\14.16.27023\include\list(916): note: see reference to function template instantiation 'void std::list<std::pair<const _Kty,_Ty>,std::allocator<std::pair<const _Kty,_Ty>>>::_Insert<const std::piecewise_construct_t&,std::tuple<const std::basic_string<char,std::char_traits<char>,std::allocator<char>> &>,std::tuple<>>(std::_List_unchecked_const_iterator<std::_List_val<std::_List_simple_types<std::pair<const _Kty,_Ty>>>,std::_Iterator_base0>,const std::piecewise_construct_t &,std::tuple<const std::basic_string<char,std::char_traits<char>,std::allocator<char>> &> &&,std::tuple<> &&)' being compiled
          with
          [
              _Kty=std::string,
              _Ty=dae::Texture2D
          ]
  c:\program files (x86)\microsoft visual studio\2017\enterprise\vc\tools\msvc\14.16.27023\include\list(917): note: see reference to function template instantiation 'void std::list<std::pair<const _Kty,_Ty>,std::allocator<std::pair<const _Kty,_Ty>>>::_Insert<const std::piecewise_construct_t&,std::tuple<const std::basic_string<char,std::char_traits<char>,std::allocator<char>> &>,std::tuple<>>(std::_List_unchecked_const_iterator<std::_List_val<std::_List_simple_types<std::pair<const _Kty,_Ty>>>,std::_Iterator_base0>,const std::piecewise_construct_t &,std::tuple<const std::basic_string<char,std::char_traits<char>,std::allocator<char>> &> &&,std::tuple<> &&)' being compiled
          with
          [
              _Kty=std::string,
              _Ty=dae::Texture2D
          ]
  c:\program files (x86)\microsoft visual studio\2017\enterprise\vc\tools\msvc\14.16.27023\include\xhash(299): note: see reference to function template instantiation 'void std::list<std::pair<const _Kty,_Ty>,std::allocator<std::pair<const _Kty,_Ty>>>::emplace_front<const std::piecewise_construct_t&,std::tuple<const std::basic_string<char,std::char_traits<char>,std::allocator<char>> &>,std::tuple<>>(const std::piecewise_construct_t &,std::tuple<const std::basic_string<char,std::char_traits<char>,std::allocator<char>> &> &&,std::tuple<> &&)' being compiled
          with
          [
              _Kty=std::string,
              _Ty=dae::Texture2D
          ]
  c:\program files (x86)\microsoft visual studio\2017\enterprise\vc\tools\msvc\14.16.27023\include\unordered_map(318): note: see reference to function template instantiation 'std::pair<std::_List_iterator<std::_List_val<std::_List_simple_types<_Ty>>>,bool> std::_Hash<std::_Umap_traits<_Kty,dae::Texture2D,std::_Uhash_compare<_Kty,_Hasher,_Keyeq>,_Alloc,false>>::emplace<const std::piecewise_construct_t&,std::tuple<const std::basic_string<char,std::char_traits<char>,std::allocator<char>> &>,std::tuple<>>(const std::piecewise_construct_t &,std::tuple<const std::basic_string<char,std::char_traits<char>,std::allocator<char>> &> &&,std::tuple<> &&)' being compiled
          with
          [
              _Ty=std::pair<const std::string,dae::Texture2D>,
              _Kty=std::string,
              _Hasher=std::hash<std::string>,
              _Keyeq=std::equal_to<std::string>,
              _Alloc=std::allocator<std::pair<const std::string,dae::Texture2D>>
          ]
  c:\program files (x86)\microsoft visual studio\2017\enterprise\vc\tools\msvc\14.16.27023\include\unordered_map(321): note: see reference to function template instantiation 'std::pair<std::_List_iterator<std::_List_val<std::_List_simple_types<_Ty>>>,bool> std::_Hash<std::_Umap_traits<_Kty,dae::Texture2D,std::_Uhash_compare<_Kty,_Hasher,_Keyeq>,_Alloc,false>>::emplace<const std::piecewise_construct_t&,std::tuple<const std::basic_string<char,std::char_traits<char>,std::allocator<char>> &>,std::tuple<>>(const std::piecewise_construct_t &,std::tuple<const std::basic_string<char,std::char_traits<char>,std::allocator<char>> &> &&,std::tuple<> &&)' being compiled
          with
          [
              _Ty=std::pair<const std::string,dae::Texture2D>,
              _Kty=std::string,
              _Hasher=std::hash<std::string>,
              _Keyeq=std::equal_to<std::string>,
              _Alloc=std::allocator<std::pair<const std::string,dae::Texture2D>>
          ]
  c:\program files (x86)\microsoft visual studio\2017\enterprise\vc\tools\msvc\14.16.27023\include\unordered_map(332): note: see reference to function template instantiation 'std::pair<std::_List_iterator<std::_List_val<std::_List_simple_types<_Ty>>>,bool> std::unordered_map<std::string,dae::Texture2D,std::hash<_Kty>,std::equal_to<_Kty>,std::allocator<_Ty>>::_Try_emplace<const std::basic_string<char,std::char_traits<char>,std::allocator<char>>&,>(_Keyty)' being compiled
          with
          [
              _Ty=std::pair<const std::string,dae::Texture2D>,
              _Kty=std::string,
              _Keyty=const std::basic_string<char,std::char_traits<char>,std::allocator<char>> &
          ]
  c:\program files (x86)\microsoft visual studio\2017\enterprise\vc\tools\msvc\14.16.27023\include\unordered_map(333): note: see reference to function template instantiation 'std::pair<std::_List_iterator<std::_List_val<std::_List_simple_types<_Ty>>>,bool> std::unordered_map<std::string,dae::Texture2D,std::hash<_Kty>,std::equal_to<_Kty>,std::allocator<_Ty>>::_Try_emplace<const std::basic_string<char,std::char_traits<char>,std::allocator<char>>&,>(_Keyty)' being compiled
          with
          [
              _Ty=std::pair<const std::string,dae::Texture2D>,
              _Kty=std::string,
              _Keyty=const std::basic_string<char,std::char_traits<char>,std::allocator<char>> &
          ]
  c:\program files (x86)\microsoft visual studio\2017\enterprise\vc\tools\msvc\14.16.27023\include\unordered_map(490): note: see reference to function template instantiation 'std::pair<std::_List_iterator<std::_List_val<std::_List_simple_types<_Ty>>>,bool> std::unordered_map<std::string,dae::Texture2D,std::hash<_Kty>,std::equal_to<_Kty>,std::allocator<_Ty>>::try_emplace<>(const std::basic_string<char,std::char_traits<char>,std::allocator<char>> &)' being compiled
          with
          [
              _Ty=std::pair<const std::string,dae::Texture2D>,
              _Kty=std::string
          ]
  c:\program files (x86)\microsoft visual studio\2017\enterprise\vc\tools\msvc\14.16.27023\include\unordered_map(490): note: see reference to function template instantiation 'std::pair<std::_List_iterator<std::_List_val<std::_List_simple_types<_Ty>>>,bool> std::unordered_map<std::string,dae::Texture2D,std::hash<_Kty>,std::equal_to<_Kty>,std::allocator<_Ty>>::try_emplace<>(const std::basic_string<char,std::char_traits<char>,std::allocator<char>> &)' being compiled
          with
          [
              _Ty=std::pair<const std::string,dae::Texture2D>,
              _Kty=std::string
          ]
  c:\program files (x86)\microsoft visual studio\2017\enterprise\vc\tools\msvc\14.16.27023\include\unordered_map(489): note: while compiling class template member function 'dae::Texture2D &std::unordered_map<std::string,dae::Texture2D,std::hash<_Kty>,std::equal_to<_Kty>,std::allocator<std::pair<const _Kty,_Ty>>>::operator [](const std::basic_string<char,std::char_traits<char>,std::allocator<char>> &)'
          with
          [
              _Kty=std::string,
              _Ty=dae::Texture2D
          ]
  e:\desktop\prog4\github\essence2d\minigin\resourcemanager.cpp(41): note: see reference to function template instantiation 'dae::Texture2D &std::unordered_map<std::string,dae::Texture2D,std::hash<_Kty>,std::equal_to<_Kty>,std::allocator<std::pair<const _Kty,_Ty>>>::operator [](const std::basic_string<char,std::char_traits<char>,std::allocator<char>> &)' being compiled
          with
          [
              _Kty=std::string,
              _Ty=dae::Texture2D
          ]
  e:\desktop\prog4\github\essence2d\minigin\resourcemanager.h(19): note: see reference to class template instantiation 'std::unordered_map<std::string,dae::Texture2D,std::hash<_Kty>,std::equal_to<_Kty>,std::allocator<std::pair<const _Kty,_Ty>>>' being compiled
          with
          [
              _Kty=std::string,
              _Ty=dae::Texture2D
          ]
  TextComponent.cpp
e:\desktop\prog4\github\essence2d\minigin\textcomponent.cpp(48): error C2039: 'SetTexutre': is not a member of 'dae::RenderComponent'
  e:\desktop\prog4\github\essence2d\minigin\rendercomponent.h(13): note: see declaration of 'dae::RenderComponent'
  Generating Code...
