e:\desktop\prog4\essence2d\minigin\win32\debug\minigin.pch
e:\desktop\prog4\essence2d\minigin\win32\debug\vc141.pdb
e:\desktop\prog4\essence2d\minigin\win32\debug\vc141.idb
e:\desktop\prog4\essence2d\minigin\win32\debug\miniginpch.obj
e:\desktop\prog4\essence2d\minigin\win32\debug\transformcomponent.obj
e:\desktop\prog4\essence2d\minigin\win32\debug\transform.obj
e:\desktop\prog4\essence2d\minigin\win32\debug\texture2d.obj
e:\desktop\prog4\essence2d\minigin\win32\debug\textcomponent.obj
e:\desktop\prog4\essence2d\minigin\win32\debug\scenemanager.obj
e:\desktop\prog4\essence2d\minigin\win32\debug\scene.obj
e:\desktop\prog4\essence2d\minigin\win32\debug\resourcemanager.obj
e:\desktop\prog4\essence2d\minigin\win32\debug\renderer.obj
e:\desktop\prog4\essence2d\minigin\win32\debug\minigin.obj
e:\desktop\prog4\essence2d\minigin\win32\debug\main.obj
e:\desktop\prog4\essence2d\minigin\win32\debug\log.obj
e:\desktop\prog4\essence2d\minigin\win32\debug\inputmanager.obj
e:\desktop\prog4\essence2d\minigin\win32\debug\gameobject.obj
e:\desktop\prog4\essence2d\minigin\win32\debug\fpstestscene.obj
e:\desktop\prog4\essence2d\minigin\win32\debug\font.obj
e:\desktop\prog4\essence2d\minigin\win32\debug\basecomponent.obj
e:\desktop\prog4\essence2d\minigin\win32\debug\time.obj
e:\desktop\prog4\essence2d\win32\debug\minigin.exe
e:\desktop\prog4\essence2d\win32\debug\minigin.ilk
e:\desktop\prog4\essence2d\win32\debug\minigin.pdb
e:\desktop\prog4\essence2d\win32\debug\minigin.lib
e:\desktop\prog4\essence2d\win32\debug\minigin.exp
e:\desktop\prog4\essence2d\minigin\win32\debug\minigin.tlog\cl.command.1.tlog
e:\desktop\prog4\essence2d\minigin\win32\debug\minigin.tlog\cl.read.1.tlog
e:\desktop\prog4\essence2d\minigin\win32\debug\minigin.tlog\cl.write.1.tlog
e:\desktop\prog4\essence2d\minigin\win32\debug\minigin.tlog\link.command.1.tlog
e:\desktop\prog4\essence2d\minigin\win32\debug\minigin.tlog\link.read.1.tlog
e:\desktop\prog4\essence2d\minigin\win32\debug\minigin.tlog\link.write.1.tlog
e:\desktop\prog4\essence2d\minigin\win32\debug\minigin.tlog\minigin.write.1u.tlog
